06/28/2026 10:49:46 PM : INFO : Starting: add to cart for Sauce Labs Backpack
06/28/2026 10:49:47 PM : INFO : Screenshot: C:\Users\Gajender\OneDrive\Desktop\Study\Login_Cart_Logout_Framework\Screenshots\test_add_to_cart_backpack_success_20260628_224947.png
06/28/2026 10:49:47 PM : INFO : Ending: add to cart test
06/28/2026 10:49:57 PM : INFO : Added Sauce Labs Backpack, cart count=1
06/28/2026 10:49:57 PM : INFO : Screenshot: C:\Users\Gajender\OneDrive\Desktop\Study\Login_Cart_Logout_Framework\Screenshots\test_full_flow_complete_success_20260628_224957.png
06/28/2026 10:49:57 PM : INFO : Ending: full flow test
06/28/2026 10:50:05 PM : INFO : Starting: login and verify inventory page
06/28/2026 10:50:06 PM : INFO : Screenshot: C:\Users\Gajender\OneDrive\Desktop\Study\Login_Cart_Logout_Framework\Screenshots\test_login_inventory_success_20260628_225005.png
06/28/2026 10:50:06 PM : INFO : Ending: login test
06/28/2026 10:50:14 PM : INFO : Starting: logout flow
06/28/2026 10:50:15 PM : INFO : Screenshot: C:\Users\Gajender\OneDrive\Desktop\Study\Login_Cart_Logout_Framework\Screenshots\test_logout_logout_success_20260628_225015.png
06/28/2026 10:50:15 PM : INFO : Ending: logout test
06/28/2026 10:53:33 PM : INFO : Starting: add to cart for Sauce Labs Backpack
06/28/2026 10:53:34 PM : INFO : Screenshot: C:\Users\Gajender\OneDrive\Desktop\Study\Login_Cart_Logout_Framework\Screenshots\test_add_to_cart_backpack_success_20260628_225334.png
06/28/2026 10:53:34 PM : INFO : Ending: add to cart test
06/28/2026 10:53:48 PM : INFO : Added Sauce Labs Backpack, cart count=1
06/28/2026 10:53:48 PM : INFO : Screenshot: C:\Users\Gajender\OneDrive\Desktop\Study\Login_Cart_Logout_Framework\Screenshots\test_full_flow_complete_success_20260628_225348.png
06/28/2026 10:53:48 PM : INFO : Ending: full flow test
06/28/2026 10:53:57 PM : INFO : Starting: login and verify inventory page
06/28/2026 10:53:58 PM : INFO : Screenshot: C:\Users\Gajender\OneDrive\Desktop\Study\Login_Cart_Logout_Framework\Screenshots\test_login_inventory_success_20260628_225357.png
06/28/2026 10:53:58 PM : INFO : Ending: login test
06/28/2026 10:54:09 PM : INFO : Starting: logout flow
06/28/2026 10:54:11 PM : INFO : Screenshot: C:\Users\Gajender\OneDrive\Desktop\Study\Login_Cart_Logout_Framework\Screenshots\test_logout_logout_success_20260628_225410.png
06/28/2026 10:54:11 PM : INFO : Ending: logout test
06/28/2026 11:04:28 PM : INFO : Starting: add to cart for Sauce Labs Backpack
06/28/2026 11:04:30 PM : INFO : Screenshot: C:\Users\Gajender\OneDrive\Desktop\Study\Login_Cart_Logout_Framework\Screenshots\test_add_to_cart_backpack_success_20260628_230429.png
06/28/2026 11:04:30 PM : INFO : Ending: add to cart test
06/28/2026 11:04:56 PM : INFO : Added Sauce Labs Backpack, cart count=1
06/28/2026 11:04:56 PM : INFO : Screenshot: C:\Users\Gajender\OneDrive\Desktop\Study\Login_Cart_Logout_Framework\Screenshots\test_full_flow_complete_success_20260628_230456.png
06/28/2026 11:04:56 PM : INFO : Ending: full flow test
06/28/2026 11:05:10 PM : INFO : Starting: login and verify inventory page
06/28/2026 11:05:10 PM : INFO : Screenshot: C:\Users\Gajender\OneDrive\Desktop\Study\Login_Cart_Logout_Framework\Screenshots\test_login_inventory_success_20260628_230510.png
06/28/2026 11:05:10 PM : INFO : Ending: login test
06/28/2026 11:05:28 PM : INFO : Starting: logout flow
06/28/2026 11:05:29 PM : INFO : Screenshot: C:\Users\Gajender\OneDrive\Desktop\Study\Login_Cart_Logout_Framework\Screenshots\test_logout_logout_success_20260628_230529.png
06/28/2026 11:05:29 PM : INFO : Ending: logout test
06/28/2026 11:08:35 PM : INFO : Starting: login and verify inventory page
06/28/2026 11:08:36 PM : INFO : Screenshot: C:\Users\Gajender\OneDrive\Desktop\Study\Login_Cart_Logout_Framework\Screenshots\test_login_inventory_success_20260628_230835.png
06/28/2026 11:08:36 PM : INFO : Ending: login test
